#
# A fatal error has been detected by the Java Runtime Environment:
#
#  SIGSEGV (0xb) at pc=0x00007fc4e741233a, pid=11845, tid=140483662866176
#
# JRE version: 6.0_27-b27
# Java VM: OpenJDK 64-Bit Server VM (20.0-b12 mixed mode linux-amd64 compressed oops)
# Derivative: IcedTea6 1.12.5
# Distribution: Ubuntu 12.04 LTS, package 6b27-1.12.5-0ubuntu0.12.04.1
# Problematic frame:
# C  [libpcap.so.0.8+0x833a]  __snprintf_chk+0x833a
#
# If you would like to submit a bug report, please include
# instructions how to reproduce the bug and visit:
#   https://bugs.launchpad.net/ubuntu/+source/openjdk-6/
# The crash happened outside the Java Virtual Machine in native code.
# See problematic frame for where to report the bug.
#

---------------  T H R E A D  ---------------

Current thread (0x00007fc4840ae800):  JavaThread "SwingWorker-pool-1-thread-3" [_thread_in_native, id=11874, stack(0x00007fc4e6c26000,0x00007fc4e6d27000)]

siginfo:si_signo=SIGSEGV: si_errno=0, si_code=1 (SEGV_MAPERR), si_addr=0x0000000000000010

Registers:
RAX=0x0000000000000000, RBX=0x00007fc484095ae0, RCX=0x00007fc4fa30a313, RDX=0x0000000000000002
RSP=0x00007fc4e6d251e0, RBP=0x0000000000002710, RSI=0x0000000000000001, RDI=0x0000000000000000
R8 =0x0000000000000000, R9 =0x0000000000000001, R10=0x000000000000000e, R11=0x0000000000000000
R12=0x0000000000000000, R13=0x00000000ffffffff, R14=0x00007fc4e6d25470, R15=0x00000000ffffffff
RIP=0x00007fc4e741233a, EFLAGS=0x0000000000010202, CSGSFS=0x0000000000000033, ERR=0x0000000000000004
  TRAPNO=0x000000000000000e

Top of Stack: (sp=0x00007fc4e6d251e0)
0x00007fc4e6d251e0:   00000000e237da70 00000000e287ebc0
0x00007fc4e6d251f0:   00007fc4e6d25250 00007fc4f09e485a
0x00007fc4e6d25200:   00000000e1f65ab0 00007fc4e76565a8
0x00007fc4e6d25210:   00007fc4e6d252f0 010000009b09c711
0x00007fc4e6d25220:   00007fc4e6d25268 000000009b10e090
0x00007fc4e6d25230:   0000000000000000 000000009b09c738
0x00007fc4e6d25240:   000100010000001d 00007fc4e765569c
0x00007fc4e6d25250:   00007fc4e6d252b0 00007fc484095ae0
0x00007fc4e6d25260:   00000000ffffffff 00007fc4e6d252f0
0x00007fc4e6d25270:   00007fc4e76565a8 00007fc4e6d25470
0x00007fc4e6d25280:   00007fc4840ae800 00007fc4e7414971
0x00007fc4e6d25290:   00007fc4e6d25470 000000009b092860
0x00007fc4e6d252a0:   00007fc4e6d25370 0000000000000000
0x00007fc4e6d252b0:   000000009b092860 00007fc4e76504c4
0x00007fc4e6d252c0:   00000000e1f65ab0 00007fc4e6d25450
0x00007fc4e6d252d0:   00007fc4e6d25458 ffffffff00000001
0x00007fc4e6d252e0:   00007fc4e6d25470 00007fc4840ae9d0
0x00007fc4e6d252f0:   00007fc484095ae0 00007fc4f4091f00
0x00007fc4e6d25300:   00007fc4840ae9d0 00007fc4e6d25458
0x00007fc4e6d25310:   00007fc4e6d25470 0000000000000000
0x00007fc4e6d25320:   00007fc4e6d25450 00007fc4e6d25438
0x00007fc4e6d25330:   00007fc4e6d25448 00007fc4e6d25440
0x00007fc4e6d25340:   00007fc400000001 00007fc4e6d25430
0x00007fc4e6d25350:   000000009b12dee0 0000000100000000
0x00007fc4e6d25360:   00007fc484095ae0 00007fc4840ae9d0
0x00007fc4e6d25370:   00007fc4e6d25410 00007fc4f09efd68
0x00007fc4e6d25380:   00007fc4e6d25448 00007fc4e6d25440
0x00007fc4e6d25390:   00007fc4e6d25438 00007fc4e6d25430
0x00007fc4e6d253a0:   0000000000000000 000000009b0a3f80
0x00007fc4e6d253b0:   0000000000000000 00007fc4e6d253e0
0x00007fc4e6d253c0:   00007fc4e6d25420 00007fc4f09e49b3
0x00007fc4e6d253d0:   00007fc4e6d253d0 0000000000000000 

Instructions: (pc=0x00007fc4e741233a)
0x00007fc4e741231a:   31 e4 45 39 fc 0f 8d a3 04 00 00 44 8b 8b f0 00
0x00007fc4e741232a:   00 00 48 63 53 1c 48 8b 83 28 01 00 00 45 85 c9
0x00007fc4e741233a:   48 8b 2c d0 0f 85 74 01 00 00 48 83 7d 00 00 0f
0x00007fc4e741234a:   84 51 01 00 00 48 85 ed 0f 84 48 01 00 00 45 85 

Register to memory mapping:

RAX=0x0000000000000000 is an unknown value
RBX=0x00007fc484095ae0 is an unknown value
RCX=0x00007fc4fa30a313: __poll+0x53 in /lib/x86_64-linux-gnu/libc.so.6 at 0x00007fc4fa222000
RDX=0x0000000000000002 is an unknown value
RSP=0x00007fc4e6d251e0 is pointing into the stack for thread: 0x00007fc4840ae800
RBP=0x0000000000002710 is an unknown value
RSI=0x0000000000000001 is an unknown value
RDI=0x0000000000000000 is an unknown value
R8 =0x0000000000000000 is an unknown value
R9 =0x0000000000000001 is an unknown value
R10=0x000000000000000e is an unknown value
R11=0x0000000000000000 is an unknown value
R12=0x0000000000000000 is an unknown value
R13=0x00000000ffffffff is an unallocated location in the heap
R14=0x00007fc4e6d25470 is pointing into the stack for thread: 0x00007fc4840ae800
R15=0x00000000ffffffff is an unallocated location in the heap


Stack: [0x00007fc4e6c26000,0x00007fc4e6d27000],  sp=0x00007fc4e6d251e0,  free space=1020k
Native frames: (J=compiled Java code, j=interpreted, Vv=VM code, C=native code)
C  [libpcap.so.0.8+0x833a]  __snprintf_chk+0x833a

[error occurred during error reporting (printing native stack), id 0xb]

Java frames: (J=compiled Java code, j=interpreted, Vv=VM code)
j  org.jnetpcap.Pcap.loop(IILorg/jnetpcap/packet/PcapPacketHandler;Ljava/lang/Object;Lorg/jnetpcap/packet/JPacket;Lorg/jnetpcap/packet/JPacket$State;Lorg/jnetpcap/PcapHeader;Lorg/jnetpcap/packet/JScanner;)I+0
j  org.jnetpcap.Pcap.loop(ILorg/jnetpcap/packet/PcapPacketHandler;Ljava/lang/Object;)I+35
j  SnifferWorker.doInBackground()Ljava/lang/Integer;+17
j  SnifferWorker.doInBackground()Ljava/lang/Object;+1
j  javax.swing.SwingWorker$1.call()Ljava/lang/Object;+14
j  java.util.concurrent.FutureTask$Sync.innerRun()V+29
j  java.util.concurrent.FutureTask.run()V+4
j  javax.swing.SwingWorker.run()V+4
j  java.util.concurrent.ThreadPoolExecutor.runWorker(Ljava/util/concurrent/ThreadPoolExecutor$Worker;)V+95
j  java.util.concurrent.ThreadPoolExecutor$Worker.run()V+5
j  java.lang.Thread.run()V+11
v  ~StubRoutines::call_stub

---------------  P R O C E S S  ---------------

Java Threads: ( => current thread )
  0x00007fc4840b9800 JavaThread "SwingWorker-pool-1-thread-4" [_thread_in_native, id=11875, stack(0x00007fc4e6e28000,0x00007fc4e6f29000)]
=>0x00007fc4840ae800 JavaThread "SwingWorker-pool-1-thread-3" [_thread_in_native, id=11874, stack(0x00007fc4e6c26000,0x00007fc4e6d27000)]
  0x00007fc47c002000 JavaThread "DisposableGC" daemon [_thread_blocked, id=11872, stack(0x00007fc4e6d27000,0x00007fc4e6e28000)]
  0x00007fc484094800 JavaThread "TimerQueue" daemon [_thread_blocked, id=11870, stack(0x00007fc4e7309000,0x00007fc4e740a000)]
  0x00007fc4f4008000 JavaThread "DestroyJavaVM" [_thread_blocked, id=11849, stack(0x00007fc4fad02000,0x00007fc4fae03000)]
  0x00007fc4f42fd800 JavaThread "AWT-EventQueue-0" [_thread_in_native, id=11869, stack(0x00007fc4e79df000,0x00007fc4e7ae0000)]
  0x00007fc4f42fd000 JavaThread "AWT-Shutdown" [_thread_blocked, id=11868, stack(0x00007fc4e7ae0000,0x00007fc4e7be1000)]
  0x00007fc4f4281800 JavaThread "AWT-XAWT" daemon [_thread_in_native, id=11867, stack(0x00007fc4ec3a2000,0x00007fc4ec4a3000)]
  0x00007fc4f41ac000 JavaThread "Java2D Disposer" daemon [_thread_blocked, id=11866, stack(0x00007fc4ec738000,0x00007fc4ec839000)]
  0x00007fc4f40a5800 JavaThread "Low Memory Detector" daemon [_thread_blocked, id=11864, stack(0x00007fc4ee538000,0x00007fc4ee639000)]
  0x00007fc4f40a3800 JavaThread "C2 CompilerThread1" daemon [_thread_blocked, id=11863, stack(0x00007fc4ee639000,0x00007fc4ee73a000)]
  0x00007fc4f40a0800 JavaThread "C2 CompilerThread0" daemon [_thread_blocked, id=11862, stack(0x00007fc4ee73a000,0x00007fc4ee83b000)]
  0x00007fc4f409f000 JavaThread "Signal Dispatcher" daemon [_thread_blocked, id=11861, stack(0x00007fc4ee83b000,0x00007fc4ee93c000)]
  0x00007fc4f4080000 JavaThread "Finalizer" daemon [_thread_blocked, id=11860, stack(0x00007fc4ef01f000,0x00007fc4ef120000)]
  0x00007fc4f407e000 JavaThread "Reference Handler" daemon [_thread_blocked, id=11859, stack(0x00007fc4ef120000,0x00007fc4ef221000)]

Other Threads:
  0x00007fc4f4079000 VMThread [stack: 0x00007fc4ef221000,0x00007fc4ef322000] [id=11858]
  0x00007fc4f40b0800 WatcherThread [stack: 0x00007fc4ee437000,0x00007fc4ee538000] [id=11865]

VM state:not at safepoint (normal execution)

VM Mutex/Monitor currently owned by a thread: None

Heap
 PSYoungGen      total 27328K, used 19401K [0x00000000e1760000, 0x00000000e35e0000, 0x0000000100000000)
  eden space 23424K, 82% used [0x00000000e1760000,0x00000000e2a52770,0x00000000e2e40000)
  from space 3904K, 0% used [0x00000000e3210000,0x00000000e3210000,0x00000000e35e0000)
  to   space 3904K, 0% used [0x00000000e2e40000,0x00000000e2e40000,0x00000000e3210000)
 PSOldGen        total 62528K, used 0K [0x00000000a4600000, 0x00000000a8310000, 0x00000000e1760000)
  object space 62528K, 0% used [0x00000000a4600000,0x00000000a4600000,0x00000000a8310000)
 PSPermGen       total 21248K, used 19141K [0x000000009a000000, 0x000000009b4c0000, 0x00000000a4600000)
  object space 21248K, 90% used [0x000000009a000000,0x000000009b2b1610,0x000000009b4c0000)

Code Cache  [0x00007fc4f09df000, 0x00007fc4f0c4f000, 0x00007fc4f39df000)
 total_blobs=622 nmethods=120 adapters=456 free_code_cache=49510080 largest_free_block=6400

Dynamic libraries:
00400000-00409000 r-xp 00000000 08:02 37884049                           /usr/lib/jvm/java-6-openjdk-amd64/jre/bin/java
00608000-00609000 r--p 00008000 08:02 37884049                           /usr/lib/jvm/java-6-openjdk-amd64/jre/bin/java
00609000-0060a000 rw-p 00009000 08:02 37884049                           /usr/lib/jvm/java-6-openjdk-amd64/jre/bin/java
020a4000-020c5000 rw-p 00000000 00:00 0                                  [heap]
9a000000-9b4c0000 rw-p 00000000 00:00 0 
9b4c0000-a4600000 rw-p 00000000 00:00 0 
a4600000-a8310000 rw-p 00000000 00:00 0 
a8310000-e1760000 rw-p 00000000 00:00 0 
e1760000-e35e0000 rw-p 00000000 00:00 0 
e35e0000-100000000 rw-p 00000000 00:00 0 
7fc468000000-7fc468021000 rw-p 00000000 00:00 0 
7fc468021000-7fc46c000000 ---p 00000000 00:00 0 
7fc46c000000-7fc46c021000 rw-p 00000000 00:00 0 
7fc46c021000-7fc470000000 ---p 00000000 00:00 0 
7fc470000000-7fc470021000 rw-p 00000000 00:00 0 
7fc470021000-7fc474000000 ---p 00000000 00:00 0 
7fc474000000-7fc474021000 rw-p 00000000 00:00 0 
7fc474021000-7fc478000000 ---p 00000000 00:00 0 
7fc478000000-7fc478021000 rw-p 00000000 00:00 0 
7fc478021000-7fc47c000000 ---p 00000000 00:00 0 
7fc47c000000-7fc47c060000 rw-p 00000000 00:00 0 
7fc47c060000-7fc480000000 ---p 00000000 00:00 0 
7fc480000000-7fc480021000 rw-p 00000000 00:00 0 
7fc480021000-7fc484000000 ---p 00000000 00:00 0 
7fc484000000-7fc484190000 rw-p 00000000 00:00 0 
7fc484190000-7fc488000000 ---p 00000000 00:00 0 
7fc488000000-7fc488021000 rw-p 00000000 00:00 0 
7fc488021000-7fc48c000000 ---p 00000000 00:00 0 
7fc48c000000-7fc48c021000 rw-p 00000000 00:00 0 
7fc48c021000-7fc490000000 ---p 00000000 00:00 0 
7fc490000000-7fc490021000 rw-p 00000000 00:00 0 
7fc490021000-7fc494000000 ---p 00000000 00:00 0 
7fc494000000-7fc494021000 rw-p 00000000 00:00 0 
7fc494021000-7fc498000000 ---p 00000000 00:00 0 
7fc498000000-7fc4984f5000 rw-p 00000000 00:00 0 
7fc4984f5000-7fc49c000000 ---p 00000000 00:00 0 
7fc49c000000-7fc49c445000 rw-p 00000000 00:00 0 
7fc49c445000-7fc4a0000000 ---p 00000000 00:00 0 
7fc4a0000000-7fc4a0021000 rw-p 00000000 00:00 0 
7fc4a0021000-7fc4a4000000 ---p 00000000 00:00 0 
7fc4a4000000-7fc4a4021000 rw-p 00000000 00:00 0 
7fc4a4021000-7fc4a8000000 ---p 00000000 00:00 0 
7fc4a8000000-7fc4a8021000 rw-p 00000000 00:00 0 
7fc4a8021000-7fc4ac000000 ---p 00000000 00:00 0 
7fc4ac000000-7fc4ac021000 rw-p 00000000 00:00 0 
7fc4ac021000-7fc4b0000000 ---p 00000000 00:00 0 
7fc4b0000000-7fc4b0021000 rw-p 00000000 00:00 0 
7fc4b0021000-7fc4b4000000 ---p 00000000 00:00 0 
7fc4b8000000-7fc4b8021000 rw-p 00000000 00:00 0 
7fc4b8021000-7fc4bc000000 ---p 00000000 00:00 0 
7fc4c0000000-7fc4c0021000 rw-p 00000000 00:00 0 
7fc4c0021000-7fc4c4000000 ---p 00000000 00:00 0 
7fc4c8000000-7fc4c8021000 rw-p 00000000 00:00 0 
7fc4c8021000-7fc4cc000000 ---p 00000000 00:00 0 
7fc4d0000000-7fc4d0021000 rw-p 00000000 00:00 0 
7fc4d0021000-7fc4d4000000 ---p 00000000 00:00 0 
7fc4d8000000-7fc4d8021000 rw-p 00000000 00:00 0 
7fc4d8021000-7fc4dc000000 ---p 00000000 00:00 0 
7fc4e0000000-7fc4e0021000 rw-p 00000000 00:00 0 
7fc4e0021000-7fc4e4000000 ---p 00000000 00:00 0 
7fc4e6a24000-7fc4e6a27000 ---p 00000000 00:00 0 
7fc4e6a27000-7fc4e6b25000 rw-p 00000000 00:00 0 
7fc4e6b25000-7fc4e6b28000 ---p 00000000 00:00 0 
7fc4e6b28000-7fc4e6c26000 rw-p 00000000 00:00 0 
7fc4e6c26000-7fc4e6c29000 ---p 00000000 00:00 0 
7fc4e6c29000-7fc4e6d27000 rw-p 00000000 00:00 0 
7fc4e6d27000-7fc4e6d2a000 ---p 00000000 00:00 0 
7fc4e6d2a000-7fc4e6e28000 rw-p 00000000 00:00 0 
7fc4e6e28000-7fc4e6e2b000 ---p 00000000 00:00 0 
7fc4e6e2b000-7fc4e6f29000 rw-p 00000000 00:00 0 
7fc4e7309000-7fc4e730c000 ---p 00000000 00:00 0 
7fc4e730c000-7fc4e740a000 rw-p 00000000 00:00 0 
7fc4e740a000-7fc4e743e000 r-xp 00000000 08:02 37231833                   /usr/lib/x86_64-linux-gnu/libpcap.so.1.1.1
7fc4e743e000-7fc4e763e000 ---p 00034000 08:02 37231833                   /usr/lib/x86_64-linux-gnu/libpcap.so.1.1.1
7fc4e763e000-7fc4e763f000 r--p 00034000 08:02 37231833                   /usr/lib/x86_64-linux-gnu/libpcap.so.1.1.1
7fc4e763f000-7fc4e7640000 rw-p 00035000 08:02 37231833                   /usr/lib/x86_64-linux-gnu/libpcap.so.1.1.1
7fc4e7640000-7fc4e7641000 rw-p 00000000 00:00 0 
7fc4e7641000-7fc4e7668000 r-xp 00000000 08:02 26348290                   /home/ghis/Workspace/Sniffer/lib/jnetpcap-1.3.0/libjnetpcap.so
7fc4e7668000-7fc4e7868000 ---p 00027000 08:02 26348290                   /home/ghis/Workspace/Sniffer/lib/jnetpcap-1.3.0/libjnetpcap.so
7fc4e7868000-7fc4e7869000 r--p 00027000 08:02 26348290                   /home/ghis/Workspace/Sniffer/lib/jnetpcap-1.3.0/libjnetpcap.so
7fc4e7869000-7fc4e786a000 rw-p 00028000 08:02 26348290                   /home/ghis/Workspace/Sniffer/lib/jnetpcap-1.3.0/libjnetpcap.so
7fc4e786a000-7fc4e7873000 rw-p 00000000 00:00 0 
7fc4e7873000-7fc4e79df000 rw-s 00000000 00:04 5832706                    /SYSV00000000 (deleted)
7fc4e79df000-7fc4e79e2000 ---p 00000000 00:00 0 
7fc4e79e2000-7fc4e7ae0000 rw-p 00000000 00:00 0 
7fc4e7ae0000-7fc4e7ae3000 ---p 00000000 00:00 0 
7fc4e7ae3000-7fc4e7be1000 rw-p 00000000 00:00 0 
7fc4e7be1000-7fc4e7be9000 r-xp 00000000 08:02 37884022                   /usr/lib/jvm/java-6-openjdk-amd64/jre/lib/amd64/libnio.so
7fc4e7be9000-7fc4e7de8000 ---p 00008000 08:02 37884022                   /usr/lib/jvm/java-6-openjdk-amd64/jre/lib/amd64/libnio.so
7fc4e7de8000-7fc4e7de9000 r--p 00007000 08:02 37884022                   /usr/lib/jvm/java-6-openjdk-amd64/jre/lib/amd64/libnio.so
7fc4e7de9000-7fc4e7dea000 rw-p 00008000 08:02 37884022                   /usr/lib/jvm/java-6-openjdk-amd64/jre/lib/amd64/libnio.so
7fc4e7dea000-7fc4e7dff000 r-xp 00000000 08:02 37884026                   /usr/lib/jvm/java-6-openjdk-amd64/jre/lib/amd64/libnet.so
7fc4e7dff000-7fc4e7ffe000 ---p 00015000 08:02 37884026                   /usr/lib/jvm/java-6-openjdk-amd64/jre/lib/amd64/libnet.so
7fc4e7ffe000-7fc4e7fff000 r--p 00014000 08:02 37884026                   /usr/lib/jvm/java-6-openjdk-amd64/jre/lib/amd64/libnet.so
7fc4e7fff000-7fc4e8000000 rw-p 00015000 08:02 37884026                   /usr/lib/jvm/java-6-openjdk-amd64/jre/lib/amd64/libnet.so
7fc4e8000000-7fc4e8021000 rw-p 00000000 00:00 0 
7fc4e8021000-7fc4ec000000 ---p 00000000 00:00 0 
7fc4ec0c9000-7fc4ec0ce000 r-xp 00000000 08:02 37231414                   /usr/lib/x86_64-linux-gnu/libXfixes.so.3.1.0
7fc4ec0ce000-7fc4ec2cd000 ---p 00005000 08:02 37231414                   /usr/lib/x86_64-linux-gnu/libXfixes.so.3.1.0
7fc4ec2cd000-7fc4ec2ce000 r--p 00004000 08:02 37231414                   /usr/lib/x86_64-linux-gnu/libXfixes.so.3.1.0
7fc4ec2ce000-7fc4ec2cf000 rw-p 00005000 08:02 37231414                   /usr/lib/x86_64-linux-gnu/libXfixes.so.3.1.0
7fc4ec2cf000-7fc4ec2d8000 r--s 00000000 08:02 8781989                    /var/cache/fontconfig/945677eb7aeaf62f1d50efc3fb3ec7d8-le64.cache-3
7fc4ec3a2000-7fc4ec3a5000 ---p 00000000 00:00 0 
7fc4ec3a5000-7fc4ec4a3000 rw-p 00000000 00:00 0 
7fc4ec4a3000-7fc4ec4a4000 r--s 00000000 08:02 8781994                    /var/cache/fontconfig/c05880de57d1f5e948fdfacc138775d9-le64.cache-3
7fc4ec4a4000-7fc4ec4ad000 r--s 00000000 08:02 8781989                    /var/cache/fontconfig/945677eb7aeaf62f1d50efc3fb3ec7d8-le64.cache-3
7fc4ec4ad000-7fc4ec4af000 r--s 00000000 08:02 8781990                    /var/cache/fontconfig/99e8ed0e538f840c565b6ed5dad60d56-le64.cache-3
7fc4ec4af000-7fc4ec4b3000 r--s 00000000 08:02 8781976                    /var/cache/fontconfig/2cd17615ca594fa2959ae173292e504c-le64.cache-3
7fc4ec4b3000-7fc4ec4b4000 r--s 00000000 08:02 8782001                    /var/cache/fontconfig/e7071f4a29fa870f4323321c154eba04-le64.cache-3
7fc4ec4b4000-7fc4ec4b7000 r--s 00000000 08:02 8788884                    /var/cache/fontconfig/b5ea634b0fb353b8ea17632d1f9ef766-le64.cache-3
7fc4ec4b7000-7fc4ec4bd000 r--s 00000000 08:02 8781991                    /var/cache/fontconfig/a755afe4a08bf5b97852ceb7400b47bc-le64.cache-3
7fc4ec4bd000-7fc4ec4c6000 r--s 00000000 08:02 8786021                    /var/cache/fontconfig/6d41288fd70b0be22e8c3a91e032eec0-le64.cache-3
7fc4ec4c6000-7fc4ec4d6000 r--s 00000000 08:02 8781973                    /var/cache/fontconfig/04aabc0a78ac019cf9454389977116d2-le64.cache-3
7fc4ec4d6000-7fc4ec4d9000 r--s 00000000 08:02 8781988                    /var/cache/fontconfig/8801497958630a81b71ace7c5f9b32a8-le64.cache-3
7fc4ec4d9000-7fc4ec4de000 r--s 00000000 08:02 8781977                    /var/cache/fontconfig/3047814df9a2f067bd2d96a2b9c36e5a-le64.cache-3
7fc4ec4de000-7fc4ec4e3000 r--s 00000000 08:02 8781992                    /var/cache/fontconfig/b47c4e1ecd0709278f4910c18777a504-le64.cache-3
7fc4ec4ea000-7fc4ec4f3000 r-xp 00000000 08:02 37231406                   /usr/lib/x86_64-linux-gnu/libXcursor.so.1.0.2
7fc4ec4f3000-7fc4ec6f2000 ---p 00009000 08:02 37231406                   /usr/lib/x86_64-linux-gnu/libXcursor.so.1.0.2
7fc4ec6f2000-7fc4ec6f3000 r--p 00008000 08:02 37231406                   /usr/lib/x86_64-linux-gnu/libXcursor.so.1.0.2
7fc4ec6f3000-7fc4ec6f4000 rw-p 00009000 08:02 37231406                   /usr/lib/x86_64-linux-gnu/libXcursor.so.1.0.2
7fc4ec712000-7fc4ec713000 rw-p 00000000 00:00 0 
7fc4ec713000-7fc4ec719000 r--s 000fc000 08:02 37234315                   /usr/lib/jvm/java-6-openjdk-common/jre/lib/resources.jar
7fc4ec719000-7fc4ec71a000 r--s 00000000 08:02 8781974                    /var/cache/fontconfig/0d8c3b2ac0904cb8a57a757ad11a4a08-le64.cache-3
7fc4ec71a000-7fc4ec71d000 r--s 00000000 08:02 8781979                    /var/cache/fontconfig/385c0604a188198f04d133e54aba7fe7-le64.cache-3
7fc4ec71d000-7fc4ec72d000 r--s 00000000 08:02 8781997                    /var/cache/fontconfig/d52a8644073d54c13679302ca1180695-le64.cache-3
7fc4ec72d000-7fc4ec738000 r--s 00000000 08:02 8782631                    /var/cache/fontconfig/e13b20fdb08344e0e664864cc2ede53d-le64.cache-3
7fc4ec738000-7fc4ec73b000 ---p 00000000 00:00 0 
7fc4ec73b000-7fc4ec839000 rw-p 00000000 00:00 0 
7fc4ec839000-7fc4ec8cf000 r-xp 00000000 08:02 37226060                   /usr/lib/x86_64-linux-gnu/libfreetype.so.6.8.0
7fc4ec8cf000-7fc4ecace000 ---p 00096000 08:02 37226060                   /usr/lib/x86_64-linux-gnu/libfreetype.so.6.8.0
7fc4ecace000-7fc4ecad4000 r--p 00095000 08:02 37226060                   /usr/lib/x86_64-linux-gnu/libfreetype.so.6.8.0
7fc4ecad4000-7fc4ecad5000 rw-p 0009b000 08:02 37226060                   /usr/lib/x86_64-linux-gnu/libfreetype.so.6.8.0
7fc4ecad5000-7fc4ecb1d000 r-xp 00000000 08:02 37884032                   /usr/lib/jvm/java-6-openjdk-amd64/jre/lib/amd64/libfontmanager.so
7fc4ecb1d000-7fc4ecd1d000 ---p 00048000 08:02 37884032                   /usr/lib/jvm/java-6-openjdk-amd64/jre/lib/amd64/libfontmanager.so
7fc4ecd1d000-7fc4ecd1f000 r--p 00048000 08:02 37884032                   /usr/lib/jvm/java-6-openjdk-amd64/jre/lib/amd64/libfontmanager.so
7fc4ecd1f000-7fc4ecd20000 rw-p 0004a000 08:02 37884032                   /usr/lib/jvm/java-6-openjdk-amd64/jre/lib/amd64/libfontmanager.so
7fc4ecd20000-7fc4ecd21000 rw-p 00000000 00:00 0 
7fc4ecd21000-7fc4ecd26000 r-xp 00000000 08:02 37231410                   /usr/lib/x86_64-linux-gnu/libXdmcp.so.6.0.0
7fc4ecd26000-7fc4ecf25000 ---p 00005000 08:02 37231410                   /usr/lib/x86_64-linux-gnu/libXdmcp.so.6.0.0
7fc4ecf25000-7fc4ecf26000 r--p 00004000 08:02 37231410                   /usr/lib/x86_64-linux-gnu/libXdmcp.so.6.0.0
7fc4ecf26000-7fc4ecf27000 rw-p 00005000 08:02 37231410                   /usr/lib/x86_64-linux-gnu/libXdmcp.so.6.0.0
7fc4ecf27000-7fc4ecf29000 r-xp 00000000 08:02 37231399                   /usr/lib/x86_64-linux-gnu/libXau.so.6.0.0
7fc4ecf29000-7fc4ed128000 ---p 00002000 08:02 37231399                   /usr/lib/x86_64-linux-gnu/libXau.so.6.0.0
7fc4ed128000-7fc4ed129000 r--p 00001000 08:02 37231399                   /usr/lib/x86_64-linux-gnu/libXau.so.6.0.0
7fc4ed129000-7fc4ed12a000 rw-p 00002000 08:02 37231399                   /usr/lib/x86_64-linux-gnu/libXau.so.6.0.0
7fc4ed12a000-7fc4ed147000 r-xp 00000000 08:02 37226022                   /usr/lib/x86_64-linux-gnu/libxcb.so.1.1.0
7fc4ed147000-7fc4ed346000 ---p 0001d000 08:02 37226022                   /usr/lib/x86_64-linux-gnu/libxcb.so.1.1.0
7fc4ed346000-7fc4ed347000 r--p 0001c000 08:02 37226022                   /usr/lib/x86_64-linux-gnu/libxcb.so.1.1.0
7fc4ed347000-7fc4ed348000 rw-p 0001d000 08:02 37226022                   /usr/lib/x86_64-linux-gnu/libxcb.so.1.1.0
7fc4ed348000-7fc4ed356000 r-xp 00000000 08:02 37231418                   /usr/lib/x86_64-linux-gnu/libXi.so.6.1.0
7fc4ed356000-7fc4ed555000 ---p 0000e000 08:02 37231418                   /usr/lib/x86_64-linux-gnu/libXi.so.6.1.0
7fc4ed555000-7fc4ed556000 r--p 0000d000 08:02 37231418                   /usr/lib/x86_64-linux-gnu/libXi.so.6.1.0
7fc4ed556000-7fc4ed557000 rw-p 0000e000 08:02 37231418                   /usr/lib/x86_64-linux-gnu/libXi.so.6.1.0
7fc4ed557000-7fc4ed55c000 r-xp 00000000 08:02 37231436                   /usr/lib/x86_64-linux-gnu/libXtst.so.6.1.0
7fc4ed55c000-7fc4ed75b000 ---p 00005000 08:02 37231436                   /usr/lib/x86_64-linux-gnu/libXtst.so.6.1.0
7fc4ed75b000-7fc4ed75c000 r--p 00004000 08:02 37231436                   /usr/lib/x86_64-linux-gnu/libXtst.so.6.1.0
7fc4ed75c000-7fc4ed75d000 rw-p 00005000 08:02 37231436                   /usr/lib/x86_64-linux-gnu/libXtst.so.6.1.0
7fc4ed75d000-7fc4ed766000 r-xp 00000000 08:02 37231432                   /usr/lib/x86_64-linux-gnu/libXrender.so.1.3.0
7fc4ed766000-7fc4ed965000 ---p 00009000 08:02 37231432                   /usr/lib/x86_64-linux-gnu/libXrender.so.1.3.0
7fc4ed965000-7fc4ed966000 r--p 00008000 08:02 37231432                   /usr/lib/x86_64-linux-gnu/libXrender.so.1.3.0
7fc4ed966000-7fc4ed967000 rw-p 00009000 08:02 37231432                   /usr/lib/x86_64-linux-gnu/libXrender.so.1.3.0
7fc4ed967000-7fc4eda96000 r-xp 00000000 08:02 37231397                   /usr/lib/x86_64-linux-gnu/libX11.so.6.3.0
7fc4eda96000-7fc4edc96000 ---p 0012f000 08:02 37231397                   /usr/lib/x86_64-linux-gnu/libX11.so.6.3.0
7fc4edc96000-7fc4edc97000 r--p 0012f000 08:02 37231397                   /usr/lib/x86_64-linux-gnu/libX11.so.6.3.0
7fc4edc97000-7fc4edc9b000 rw-p 00130000 08:02 37231397                   /usr/lib/x86_64-linux-gnu/libX11.so.6.3.0
7fc4edc9b000-7fc4edcab000 r-xp 00000000 08:02 37231412                   /usr/lib/x86_64-linux-gnu/libXext.so.6.4.0
7fc4edcab000-7fc4edeaa000 ---p 00010000 08:02 37231412                   /usr/lib/x86_64-linux-gnu/libXext.so.6.4.0
7fc4edeaa000-7fc4edeab000 r--p 0000f000 08:02 37231412                   /usr/lib/x86_64-linux-gnu/libXext.so.6.4.0
7fc4edeab000-7fc4edeac000 rw-p 00010000 08:02 37231412                   /usr/lib/x86_64-linux-gnu/libXext.so.6.4.0
7fc4edeac000-7fc4edead000 r--s 00000000 08:02 8783873                    /var/cache/fontconfig/4794a0821666d79190d59a36cb4f44b5-le64.cache-3
7fc4edead000-7fc4edeb1000 r--s 00000000 08:02 8788883                    /var/cache/fontconfig/7ef2298fde41cc6eeb7af42e48b7d293-le64.cache-3
7fc4edeb1000-7fc4edeb3000 r--s 00000000 08:02 8781990                    /var/cache/fontconfig/99e8ed0e538f840c565b6ed5dad60d56-le64.cache-3
7fc4edeb3000-7fc4edeb7000 r--s 00000000 08:02 8781976                    /var/cache/fontconfig/2cd17615ca594fa2959ae173292e504c-le64.cache-3
7fc4edeb7000-7fc4edeb8000 r--s 00000000 08:02 8782001                    /var/cache/fontconfig/e7071f4a29fa870f4323321c154eba04-le64.cache-3
7fc4edeb8000-7fc4edebb000 r--s 00000000 08:02 8788884                    /var/cache/fontconfig/b5ea634b0fb353b8ea17632d1f9ef766-le64.cache-3
7fc4edebb000-7fc4edebc000 r--s 00000000 08:02 8781974                    /var/cache/fontconfig/0d8c3b2ac0904cb8a57a757ad11a4a08-le64.cache-3
7fc4edebc000-7fc4edec2000 r--s 00000000 08:02 8781991                    /var/cache/fontconfig/a755afe4a08bf5b97852ceb7400b47bc-le64.cache-3
7fc4edec2000-7fc4edecb000 r--s 00000000 08:02 8786021                    /var/cache/fontconfig/6d41288fd70b0be22e8c3a91e032eec0-le64.cache-3
7fc4edecb000-7fc4edf16000 r-xp 00000000 08:02 38012839                   /usr/lib/jvm/java-6-openjdk-amd64/jre/lib/amd64/xawt/libmawt.so
7fc4edf16000-7fc4ee116000 ---p 0004b000 08:02 38012839                   /usr/lib/jvm/java-6-openjdk-amd64/jre/lib/amd64/xawt/libmawt.so
7fc4ee116000-7fc4ee117000 r--p 0004b000 08:02 38012839                   /usr/lib/jvm/java-6-openjdk-amd64/jre/lib/amd64/xawt/libmawt.so
7fc4ee117000-7fc4ee11a000 rw-p 0004c000 08:02 38012839                   /usr/lib/jvm/java-6-openjdk-amd64/jre/lib/amd64/xawt/libmawt.so
7fc4ee11a000-7fc4ee11b000 rw-p 00000000 00:00 0 
7fc4ee11b000-7fc4ee1c7000 r-xp 00000000 08:02 37884035                   /usr/lib/jvm/java-6-openjdk-amd64/jre/lib/amd64/libawt.so
7fc4ee1c7000-7fc4ee3c7000 ---p 000ac000 08:02 37884035                   /usr/lib/jvm/java-6-openjdk-amd64/jre/lib/amd64/libawt.so
7fc4ee3c7000-7fc4ee3c8000 r--p 000ac000 08:02 37884035                   /usr/lib/jvm/java-6-openjdk-amd64/jre/lib/amd64/libawt.so
7fc4ee3c8000-7fc4ee3d3000 rw-p 000ad000 08:02 37884035                   /usr/lib/jvm/java-6-openjdk-amd64/jre/lib/amd64/libawt.so
7fc4ee3d3000-7fc4ee3f8000 rw-p 00000000 00:00 0 
7fc4ee3f8000-7fc4ee3fb000 r--s 0007f000 08:02 37229948                   /usr/lib/jvm/java-6-openjdk-common/jre/lib/jsse.jar
7fc4ee3fb000-7fc4ee403000 r--s 00048000 08:02 25428893                   /home/ghis/Workspace/Sniffer/lib/jNetPcap/jnetpcap.jar
7fc4ee403000-7fc4ee41c000 r--s 00144000 08:02 25299333                   /home/ghis/Workspace/Sniffer/lib/xercesImpl.jar
7fc4ee41c000-7fc4ee422000 r--s 00048000 08:02 25299332                   /home/ghis/Workspace/Sniffer/lib/commons-lang3-3.1.jar
7fc4ee422000-7fc4ee427000 r--s 00041000 08:02 25299331                   /home/ghis/Workspace/Sniffer/lib/commons-lang-2.6.jar
7fc4ee427000-7fc4ee428000 r--s 0001c000 08:02 25299323                   /home/ghis/Workspace/Sniffer/lib/swing-layout-1.0.4.jar
7fc4ee428000-7fc4ee42c000 r--s 00039000 08:02 37234306                   /usr/lib/jvm/java-6-openjdk-common/jre/lib/ext/sunpkcs11.jar
7fc4ee42c000-7fc4ee42f000 r--s 00031000 08:02 37234308                   /usr/lib/jvm/java-6-openjdk-common/jre/lib/ext/sunjce_provider.jar
7fc4ee42f000-7fc4ee431000 r--s 0000f000 08:02 37234310                   /usr/lib/jvm/java-6-openjdk-common/jre/lib/ext/pulse-java.jar
7fc4ee431000-7fc4ee433000 r--s 00001000 08:02 37234309                   /usr/lib/jvm/java-6-openjdk-common/jre/lib/ext/dnsns.jar
7fc4ee433000-7fc4ee434000 r--s 00007000 08:02 37493063                   /usr/share/java/java-atk-wrapper.jar
7fc4ee434000-7fc4ee437000 r--s 00077000 08:02 37234307                   /usr/lib/jvm/java-6-openjdk-common/jre/lib/ext/localedata.jar
7fc4ee437000-7fc4ee438000 ---p 00000000 00:00 0 
7fc4ee438000-7fc4ee538000 rw-p 00000000 00:00 0 
7fc4ee538000-7fc4ee53b000 ---p 00000000 00:00 0 
7fc4ee53b000-7fc4ee639000 rw-p 00000000 00:00 0 
7fc4ee639000-7fc4ee63c000 ---p 00000000 00:00 0 
7fc4ee63c000-7fc4ee73a000 rw-p 00000000 00:00 0 
7fc4ee73a000-7fc4ee73d000 ---p 00000000 00:00 0 
7fc4ee73d000-7fc4ee83b000 rw-p 00000000 00:00 0 
7fc4ee83b000-7fc4ee83e000 ---p 00000000 00:00 0 
7fc4ee83e000-7fc4ee93c000 rw-p 00000000 00:00 0 
7fc4ee93c000-7fc4ef01f000 r--p 00000000 08:02 37230748                   /usr/lib/locale/locale-archive
7fc4ef01f000-7fc4ef022000 ---p 00000000 00:00 0 
7fc4ef022000-7fc4ef120000 rw-p 00000000 00:00 0 
7fc4ef120000-7fc4ef123000 ---p 00000000 00:00 0 
7fc4ef123000-7fc4ef221000 rw-p 00000000 00:00 0 
7fc4ef221000-7fc4ef222000 ---p 00000000 00:00 0 
7fc4ef222000-7fc4efc2b000 rw-p 00000000 00:00 0 
7fc4efc2b000-7fc4efdbe000 r--s 037db000 08:02 37884012                   /usr/lib/jvm/java-6-openjdk-amd64/jre/lib/rt.jar
7fc4efdbe000-7fc4efdbf000 ---p 00000000 00:00 0 
7fc4efdbf000-7fc4efebf000 rw-p 00000000 00:00 0 
7fc4efebf000-7fc4efec0000 ---p 00000000 00:00 0 
7fc4efec0000-7fc4effc0000 rw-p 00000000 00:00 0 
7fc4effc0000-7fc4effc1000 ---p 00000000 00:00 0 
7fc4effc1000-7fc4f00c1000 rw-p 00000000 00:00 0 
7fc4f00c1000-7fc4f00c2000 ---p 00000000 00:00 0 
7fc4f00c2000-7fc4f01c2000 rw-p 00000000 00:00 0 
7fc4f01c2000-7fc4f01c3000 ---p 00000000 00:00 0 
7fc4f01c3000-7fc4f02c3000 rw-p 00000000 00:00 0 
7fc4f02c3000-7fc4f02c4000 ---p 00000000 00:00 0 
7fc4f02c4000-7fc4f03c4000 rw-p 00000000 00:00 0 
7fc4f03c4000-7fc4f03c5000 ---p 00000000 00:00 0 
7fc4f03c5000-7fc4f04e4000 rw-p 00000000 00:00 0 
7fc4f04e4000-7fc4f06ae000 rw-p 00000000 00:00 0 
7fc4f06ae000-7fc4f06b9000 rw-p 00000000 00:00 0 
7fc4f06b9000-7fc4f0701000 rw-p 00000000 00:00 0 
7fc4f0701000-7fc4f0720000 rw-p 00000000 00:00 0 
7fc4f0720000-7fc4f08e9000 rw-p 00000000 00:00 0 
7fc4f08e9000-7fc4f08f9000 rw-p 00000000 00:00 0 
7fc4f08f9000-7fc4f09de000 rw-p 00000000 00:00 0 
7fc4f09de000-7fc4f09df000 rw-p 00000000 00:00 0 
7fc4f09df000-7fc4f0c4f000 rwxp 00000000 00:00 0 
7fc4f0c4f000-7fc4f39df000 rw-p 00000000 00:00 0 
7fc4f39df000-7fc4f39e6000 r-xp 00000000 08:02 37884048                   /usr/lib/jvm/java-6-openjdk-amd64/jre/lib/amd64/libzip.so
7fc4f39e6000-7fc4f3be5000 ---p 00007000 08:02 37884048                   /usr/lib/jvm/java-6-openjdk-amd64/jre/lib/amd64/libzip.so
7fc4f3be5000-7fc4f3be6000 r--p 00006000 08:02 37884048                   /usr/lib/jvm/java-6-openjdk-amd64/jre/lib/amd64/libzip.so
7fc4f3be6000-7fc4f3be7000 rw-p 00007000 08:02 37884048                   /usr/lib/jvm/java-6-openjdk-amd64/jre/lib/amd64/libzip.so
7fc4f3be7000-7fc4f3bf3000 r-xp 00000000 08:02 39327392                   /lib/x86_64-linux-gnu/libnss_files-2.15.so
7fc4f3bf3000-7fc4f3df2000 ---p 0000c000 08:02 39327392                   /lib/x86_64-linux-gnu/libnss_files-2.15.so
7fc4f3df2000-7fc4f3df3000 r--p 0000b000 08:02 39327392                   /lib/x86_64-linux-gnu/libnss_files-2.15.so
7fc4f3df3000-7fc4f3df4000 rw-p 0000c000 08:02 39327392                   /lib/x86_64-linux-gnu/libnss_files-2.15.so
7fc4f3df4000-7fc4f3dfe000 r-xp 00000000 08:02 39327388                   /lib/x86_64-linux-gnu/libnss_nis-2.15.so
7fc4f3dfe000-7fc4f3ffe000 ---p 0000a000 08:02 39327388                   /lib/x86_64-linux-gnu/libnss_nis-2.15.so
7fc4f3ffe000-7fc4f3fff000 r--p 0000a000 08:02 39327388                   /lib/x86_64-linux-gnu/libnss_nis-2.15.so
7fc4f3fff000-7fc4f4000000 rw-p 0000b000 08:02 39327388                   /lib/x86_64-linux-gnu/libnss_nis-2.15.so
7fc4f4000000-7fc4f42ff000 rw-p 00000000 00:00 0 
7fc4f42ff000-7fc4f8000000 ---p 00000000 00:00 0 
7fc4f8000000-7fc4f8001000 r--s 00000000 08:02 8781982                    /var/cache/fontconfig/56cf4f4769d0f4abc89a4895d7bd3ae1-le64.cache-3
7fc4f8001000-7fc4f8002000 r--s 00000000 08:02 8781993                    /var/cache/fontconfig/b9d506c9ac06c20b433354fa67a72993-le64.cache-3
7fc4f8002000-7fc4f8003000 r--s 00000000 08:02 8781994                    /var/cache/fontconfig/c05880de57d1f5e948fdfacc138775d9-le64.cache-3
7fc4f8003000-7fc4f8013000 r--s 00000000 08:02 8781973                    /var/cache/fontconfig/04aabc0a78ac019cf9454389977116d2-le64.cache-3
7fc4f8013000-7fc4f8016000 r--s 00000000 08:02 8781979                    /var/cache/fontconfig/385c0604a188198f04d133e54aba7fe7-le64.cache-3
7fc4f8016000-7fc4f8017000 r--s 00000000 08:02 8783873                    /var/cache/fontconfig/4794a0821666d79190d59a36cb4f44b5-le64.cache-3
7fc4f8017000-7fc4f8072000 rw-p 00000000 00:00 0 
7fc4f8072000-7fc4f8073000 ---p 00000000 00:00 0 
7fc4f8073000-7fc4f817e000 rw-p 00000000 00:00 0 
7fc4f817e000-7fc4f81c6000 rw-p 00000000 00:00 0 
7fc4f81c6000-7fc4f81dd000 r-xp 00000000 08:02 39327401                   /lib/x86_64-linux-gnu/libnsl-2.15.so
7fc4f81dd000-7fc4f83dc000 ---p 00017000 08:02 39327401                   /lib/x86_64-linux-gnu/libnsl-2.15.so
7fc4f83dc000-7fc4f83dd000 r--p 00016000 08:02 39327401                   /lib/x86_64-linux-gnu/libnsl-2.15.so
7fc4f83dd000-7fc4f83de000 rw-p 00017000 08:02 39327401                   /lib/x86_64-linux-gnu/libnsl-2.15.so
7fc4f83de000-7fc4f83e0000 rw-p 00000000 00:00 0 
7fc4f83e0000-7fc4f83e8000 r-xp 00000000 08:02 39327393                   /lib/x86_64-linux-gnu/libnss_compat-2.15.so
7fc4f83e8000-7fc4f85e7000 ---p 00008000 08:02 39327393                   /lib/x86_64-linux-gnu/libnss_compat-2.15.so
7fc4f85e7000-7fc4f85e8000 r--p 00007000 08:02 39327393                   /lib/x86_64-linux-gnu/libnss_compat-2.15.so
7fc4f85e8000-7fc4f85e9000 rw-p 00008000 08:02 39327393                   /lib/x86_64-linux-gnu/libnss_compat-2.15.so
7fc4f85e9000-7fc4f8615000 r-xp 00000000 08:02 37884034                   /usr/lib/jvm/java-6-openjdk-amd64/jre/lib/amd64/libjava.so
7fc4f8615000-7fc4f8814000 ---p 0002c000 08:02 37884034                   /usr/lib/jvm/java-6-openjdk-amd64/jre/lib/amd64/libjava.so
7fc4f8814000-7fc4f8815000 r--p 0002b000 08:02 37884034                   /usr/lib/jvm/java-6-openjdk-amd64/jre/lib/amd64/libjava.so
7fc4f8815000-7fc4f8818000 rw-p 0002c000 08:02 37884034                   /usr/lib/jvm/java-6-openjdk-amd64/jre/lib/amd64/libjava.so
7fc4f8818000-7fc4f8826000 r-xp 00000000 08:02 37884033                   /usr/lib/jvm/java-6-openjdk-amd64/jre/lib/amd64/libverify.so
7fc4f8826000-7fc4f8a25000 ---p 0000e000 08:02 37884033                   /usr/lib/jvm/java-6-openjdk-amd64/jre/lib/amd64/libverify.so
7fc4f8a25000-7fc4f8a27000 r--p 0000d000 08:02 37884033                   /usr/lib/jvm/java-6-openjdk-amd64/jre/lib/amd64/libverify.so
7fc4f8a27000-7fc4f8a28000 rw-p 0000f000 08:02 37884033                   /usr/lib/jvm/java-6-openjdk-amd64/jre/lib/amd64/libverify.so
7fc4f8a28000-7fc4f8a2f000 r-xp 00000000 08:02 39327386                   /lib/x86_64-linux-gnu/librt-2.15.so
7fc4f8a2f000-7fc4f8c2e000 ---p 00007000 08:02 39327386                   /lib/x86_64-linux-gnu/librt-2.15.so
7fc4f8c2e000-7fc4f8c2f000 r--p 00006000 08:02 39327386                   /lib/x86_64-linux-gnu/librt-2.15.so
7fc4f8c2f000-7fc4f8c30000 rw-p 00007000 08:02 39327386                   /lib/x86_64-linux-gnu/librt-2.15.so
7fc4f8c30000-7fc4f8c45000 r-xp 00000000 08:02 39325180                   /lib/x86_64-linux-gnu/libgcc_s.so.1
7fc4f8c45000-7fc4f8e44000 ---p 00015000 08:02 39325180                   /lib/x86_64-linux-gnu/libgcc_s.so.1
7fc4f8e44000-7fc4f8e45000 r--p 00014000 08:02 39325180                   /lib/x86_64-linux-gnu/libgcc_s.so.1
7fc4f8e45000-7fc4f8e46000 rw-p 00015000 08:02 39325180                   /lib/x86_64-linux-gnu/libgcc_s.so.1
7fc4f8e46000-7fc4f8f41000 r-xp 00000000 08:02 39327390                   /lib/x86_64-linux-gnu/libm-2.15.so
7fc4f8f41000-7fc4f9140000 ---p 000fb000 08:02 39327390                   /lib/x86_64-linux-gnu/libm-2.15.so
7fc4f9140000-7fc4f9141000 r--p 000fa000 08:02 39327390                   /lib/x86_64-linux-gnu/libm-2.15.so
7fc4f9141000-7fc4f9142000 rw-p 000fb000 08:02 39327390                   /lib/x86_64-linux-gnu/libm-2.15.so
7fc4f9142000-7fc4f9224000 r-xp 00000000 08:02 37231926                   /usr/lib/x86_64-linux-gnu/libstdc++.so.6.0.16
7fc4f9224000-7fc4f9423000 ---p 000e2000 08:02 37231926                   /usr/lib/x86_64-linux-gnu/libstdc++.so.6.0.16
7fc4f9423000-7fc4f942b000 r--p 000e1000 08:02 37231926                   /usr/lib/x86_64-linux-gnu/libstdc++.so.6.0.16
7fc4f942b000-7fc4f942d000 rw-p 000e9000 08:02 37231926                   /usr/lib/x86_64-linux-gnu/libstdc++.so.6.0.16
7fc4f942d000-7fc4f9442000 rw-p 00000000 00:00 0 
7fc4f9442000-7fc4f9d47000 r-xp 00000000 08:02 37884038                   /usr/lib/jvm/java-6-openjdk-amd64/jre/lib/amd64/server/libjvm.so
7fc4f9d47000-7fc4f9f46000 ---p 00905000 08:02 37884038                   /usr/lib/jvm/java-6-openjdk-amd64/jre/lib/amd64/server/libjvm.so
7fc4f9f46000-7fc4f9fc7000 r--p 00904000 08:02 37884038                   /usr/lib/jvm/java-6-openjdk-amd64/jre/lib/amd64/server/libjvm.so
7fc4f9fc7000-7fc4f9fe2000 rw-p 00985000 08:02 37884038                   /usr/lib/jvm/java-6-openjdk-amd64/jre/lib/amd64/server/libjvm.so
7fc4f9fe2000-7fc4fa00b000 rw-p 00000000 00:00 0 
7fc4fa00b000-7fc4fa021000 r-xp 00000000 08:02 39325270                   /lib/x86_64-linux-gnu/libz.so.1.2.3.4
7fc4fa021000-7fc4fa220000 ---p 00016000 08:02 39325270                   /lib/x86_64-linux-gnu/libz.so.1.2.3.4
7fc4fa220000-7fc4fa221000 r--p 00015000 08:02 39325270                   /lib/x86_64-linux-gnu/libz.so.1.2.3.4
7fc4fa221000-7fc4fa222000 rw-p 00016000 08:02 39325270                   /lib/x86_64-linux-gnu/libz.so.1.2.3.4
7fc4fa222000-7fc4fa3d7000 r-xp 00000000 08:02 39327382                   /lib/x86_64-linux-gnu/libc-2.15.so
7fc4fa3d7000-7fc4fa5d6000 ---p 001b5000 08:02 39327382                   /lib/x86_64-linux-gnu/libc-2.15.so
7fc4fa5d6000-7fc4fa5da000 r--p 001b4000 08:02 39327382                   /lib/x86_64-linux-gnu/libc-2.15.so
7fc4fa5da000-7fc4fa5dc000 rw-p 001b8000 08:02 39327382                   /lib/x86_64-linux-gnu/libc-2.15.so
7fc4fa5dc000-7fc4fa5e1000 rw-p 00000000 00:00 0 
7fc4fa5e1000-7fc4fa5e3000 r-xp 00000000 08:02 39327381                   /lib/x86_64-linux-gnu/libdl-2.15.so
7fc4fa5e3000-7fc4fa7e3000 ---p 00002000 08:02 39327381                   /lib/x86_64-linux-gnu/libdl-2.15.so
7fc4fa7e3000-7fc4fa7e4000 r--p 00002000 08:02 39327381                   /lib/x86_64-linux-gnu/libdl-2.15.so
7fc4fa7e4000-7fc4fa7e5000 rw-p 00003000 08:02 39327381                   /lib/x86_64-linux-gnu/libdl-2.15.so
7fc4fa7e5000-7fc4fa7e9000 r-xp 00000000 08:02 37884018                   /usr/lib/jvm/java-6-openjdk-amd64/jre/lib/amd64/jli/libjli.so
7fc4fa7e9000-7fc4fa9e8000 ---p 00004000 08:02 37884018                   /usr/lib/jvm/java-6-openjdk-amd64/jre/lib/amd64/jli/libjli.so
7fc4fa9e8000-7fc4fa9e9000 r--p 00003000 08:02 37884018                   /usr/lib/jvm/java-6-openjdk-amd64/jre/lib/amd64/jli/libjli.so
7fc4fa9e9000-7fc4fa9ea000 rw-p 00004000 08:02 37884018                   /usr/lib/jvm/java-6-openjdk-amd64/jre/lib/amd64/jli/libjli.so
7fc4fa9ea000-7fc4faa02000 r-xp 00000000 08:02 39327384                   /lib/x86_64-linux-gnu/libpthread-2.15.so
7fc4faa02000-7fc4fac01000 ---p 00018000 08:02 39327384                   /lib/x86_64-linux-gnu/libpthread-2.15.so
7fc4fac01000-7fc4fac02000 r--p 00017000 08:02 39327384                   /lib/x86_64-linux-gnu/libpthread-2.15.so
7fc4fac02000-7fc4fac03000 rw-p 00018000 08:02 39327384                   /lib/x86_64-linux-gnu/libpthread-2.15.so
7fc4fac03000-7fc4fac07000 rw-p 00000000 00:00 0 
7fc4fac07000-7fc4fac29000 r-xp 00000000 08:02 39327396                   /lib/x86_64-linux-gnu/ld-2.15.so
7fc4fac29000-7fc4fac2c000 r--s 00000000 08:02 8781988                    /var/cache/fontconfig/8801497958630a81b71ace7c5f9b32a8-le64.cache-3
7fc4fac2c000-7fc4fac31000 r--s 00000000 08:02 8781977                    /var/cache/fontconfig/3047814df9a2f067bd2d96a2b9c36e5a-le64.cache-3
7fc4fac31000-7fc4fac32000 r--s 00000000 08:02 8781982                    /var/cache/fontconfig/56cf4f4769d0f4abc89a4895d7bd3ae1-le64.cache-3
7fc4fac32000-7fc4fac42000 r--s 00000000 08:02 8781997                    /var/cache/fontconfig/d52a8644073d54c13679302ca1180695-le64.cache-3
7fc4fac42000-7fc4fac4c000 rw-p 00000000 00:00 0 
7fc4fac4c000-7fc4fad02000 rw-p 00000000 00:00 0 
7fc4fad02000-7fc4fad05000 ---p 00000000 00:00 0 
7fc4fad05000-7fc4fae08000 rw-p 00000000 00:00 0 
7fc4fae08000-7fc4fae09000 r--s 00000000 08:02 8781993                    /var/cache/fontconfig/b9d506c9ac06c20b433354fa67a72993-le64.cache-3
7fc4fae09000-7fc4fae0e000 r--s 00000000 08:02 8781992                    /var/cache/fontconfig/b47c4e1ecd0709278f4910c18777a504-le64.cache-3
7fc4fae0e000-7fc4fae19000 r--s 00000000 08:02 8782631                    /var/cache/fontconfig/e13b20fdb08344e0e664864cc2ede53d-le64.cache-3
7fc4fae19000-7fc4fae1d000 r--s 00000000 08:02 8788883                    /var/cache/fontconfig/7ef2298fde41cc6eeb7af42e48b7d293-le64.cache-3
7fc4fae1d000-7fc4fae25000 rw-s 00000000 08:02 29229122                   /tmp/hsperfdata_root/11845
7fc4fae25000-7fc4fae26000 rw-p 00000000 00:00 0 
7fc4fae26000-7fc4fae27000 r--p 00000000 00:00 0 
7fc4fae27000-7fc4fae29000 rw-p 00000000 00:00 0 
7fc4fae29000-7fc4fae2a000 r--p 00022000 08:02 39327396                   /lib/x86_64-linux-gnu/ld-2.15.so
7fc4fae2a000-7fc4fae2c000 rw-p 00023000 08:02 39327396                   /lib/x86_64-linux-gnu/ld-2.15.so
7fffb2755000-7fffb2776000 rw-p 00000000 00:00 0                          [stack]
7fffb27ff000-7fffb2800000 r-xp 00000000 00:00 0                          [vdso]
ffffffffff600000-ffffffffff601000 r-xp 00000000 00:00 0                  [vsyscall]

VM Arguments:
jvm_args: -Dfile.encoding=UTF-8 -Djava.library.path=/home/ghis/Workspace/Sniffer/lib/jnetpcap-1.3.0 
java_command: MainFrame
Launcher Type: SUN_STANDARD

Environment Variables:
PATH=/usr/local/sbin:/usr/local/bin:/usr/sbin:/usr/bin:/sbin:/bin
USERNAME=root
LD_LIBRARY_PATH=/usr/lib/jvm/java-6-openjdk-amd64/jre/lib/amd64/server:/usr/lib/jvm/java-6-openjdk-amd64/jre/lib/amd64:/usr/lib/jvm/java-6-openjdk-amd64/jre/../lib/amd64
SHELL=/bin/bash
DISPLAY=:0

Signal Handlers:
SIGSEGV: [libjvm.so+0x7856d0], sa_mask[0]=0x7ffbfeff, sa_flags=0x10000004
SIGBUS: [libjvm.so+0x7856d0], sa_mask[0]=0x7ffbfeff, sa_flags=0x10000004
SIGFPE: [libjvm.so+0x649250], sa_mask[0]=0x7ffbfeff, sa_flags=0x10000004
SIGPIPE: [libjvm.so+0x649250], sa_mask[0]=0x7ffbfeff, sa_flags=0x10000004
SIGXFSZ: [libjvm.so+0x649250], sa_mask[0]=0x7ffbfeff, sa_flags=0x10000004
SIGILL: [libjvm.so+0x649250], sa_mask[0]=0x7ffbfeff, sa_flags=0x10000004
SIGUSR1: SIG_DFL, sa_mask[0]=0x00000000, sa_flags=0x00000000
SIGUSR2: [libjvm.so+0x649430], sa_mask[0]=0x00000004, sa_flags=0x10000004
SIGHUP: [libjvm.so+0x64bdf0], sa_mask[0]=0x7ffbfeff, sa_flags=0x10000004
SIGINT: SIG_IGN, sa_mask[0]=0x00000000, sa_flags=0x00000000
SIGTERM: [libjvm.so+0x64bdf0], sa_mask[0]=0x7ffbfeff, sa_flags=0x10000004
SIGQUIT: [libjvm.so+0x64bdf0], sa_mask[0]=0x7ffbfeff, sa_flags=0x10000004


---------------  S Y S T E M  ---------------

OS:Ubuntu 12.04 (precise)
uname:Linux 3.2.0-43-generic #68-Ubuntu SMP Wed May 15 03:33:33 UTC 2013 x86_64
libc:glibc 2.15 NPTL 2.15 
rlimit: STACK 8192k, CORE 0k, NPROC 46711, NOFILE 4096, AS infinity
load average:0.18 0.27 0.31

/proc/meminfo:
MemTotal:        5996716 kB
MemFree:         1493236 kB
Buffers:          430968 kB
Cached:          2470276 kB
SwapCached:            0 kB
Active:          1963756 kB
Inactive:        2114816 kB
Active(anon):    1290928 kB
Inactive(anon):   222444 kB
Active(file):     672828 kB
Inactive(file):  1892372 kB
Unevictable:          16 kB
Mlocked:              16 kB
SwapTotal:       6173692 kB
SwapFree:        6173692 kB
Dirty:                56 kB
Writeback:             0 kB
AnonPages:       1177464 kB
Mapped:           166884 kB
Shmem:            336048 kB
Slab:             278188 kB
SReclaimable:     236600 kB
SUnreclaim:        41588 kB
KernelStack:        4768 kB
PageTables:        31816 kB
NFS_Unstable:          0 kB
Bounce:                0 kB
WritebackTmp:          0 kB
CommitLimit:     9172048 kB
Committed_AS:    4850984 kB
VmallocTotal:   34359738367 kB
VmallocUsed:      450228 kB
VmallocChunk:   34359266320 kB
HardwareCorrupted:     0 kB
AnonHugePages:         0 kB
HugePages_Total:       0
HugePages_Free:        0
HugePages_Rsvd:        0
HugePages_Surp:        0
Hugepagesize:       2048 kB
DirectMap4k:      104448 kB
DirectMap2M:     6158336 kB


CPU:total 8 (4 cores per cpu, 2 threads per core) family 6 model 58 stepping 9, cmov, cx8, fxsr, mmx, sse, sse2, sse3, ssse3, sse4.1, sse4.2, popcnt, ht

Memory: 4k page, physical 5996716k(1493236k free), swap 6173692k(6173692k free)

vm_info: OpenJDK 64-Bit Server VM (20.0-b12) for linux-amd64 JRE (1.6.0_27-b27), built on Apr 25 2013 14:56:54 by "buildd" with gcc 4.6.3

time: Sat May 18 18:08:27 2013
elapsed time: 54 seconds

